<?xml version="1.0" encoding="UTF-8"?>
<testsuite xmlns:xsi="http://www.w3.org/2001/XMLSchema-instance" xsi:noNamespaceSchemaLocation="https://maven.apache.org/surefire/maven-surefire-plugin/xsd/surefire-test-report-3.0.xsd" version="3.0" name="org.example.AppTest" time="0.045" tests="1" errors="0" skipped="0" failures="0">
  <properties>
    <property name="java.specification.version" value="18"/>
    <property name="sun.cpu.isalist" value="amd64"/>
    <property name="sun.jnu.encoding" value="Cp1252"/>
    <property name="java.class.path" value="c:\Users\DEVANSH DIXIT\IdeaProjects\ATMMACHINE\target\test-classes;c:\Users\DEVANSH DIXIT\IdeaProjects\ATMMACHINE\target\classes;C:\Users\DEVANSH DIXIT\.m2\repository\org\postgresql\postgresql\42.5.1\postgresql-42.5.1.jar;C:\Users\DEVANSH DIXIT\.m2\repository\org\checkerframework\checker-qual\3.5.0\checker-qual-3.5.0.jar;C:\Users\DEVANSH DIXIT\.m2\repository\junit\junit\3.8.1\junit-3.8.1.jar;C:\Users\DEVANSH DIXIT\.m2\repository\org\demoiselle\signer\timestamp\3.7.1\timestamp-3.7.1.jar;C:\Users\DEVANSH DIXIT\.m2\repository\org\demoiselle\signer\cryptography\3.7.1\cryptography-3.7.1.jar;C:\Users\DEVANSH DIXIT\.m2\repository\org\demoiselle\signer\core\3.7.1\core-3.7.1.jar;C:\Users\DEVANSH DIXIT\.m2\repository\com\sun\xml\bind\jaxb-core\2.3.0.1\jaxb-core-2.3.0.1.jar;C:\Users\DEVANSH DIXIT\.m2\repository\javax\xml\bind\jaxb-api\2.3.1\jaxb-api-2.3.1.jar;C:\Users\DEVANSH DIXIT\.m2\repository\javax\activation\javax.activation-api\1.2.0\javax.activation-api-1.2.0.jar;C:\Users\DEVANSH DIXIT\.m2\repository\com\sun\xml\bind\jaxb-impl\2.3.1\jaxb-impl-2.3.1.jar;C:\Users\DEVANSH DIXIT\.m2\repository\org\slf4j\slf4j-log4j12\1.6.1\slf4j-log4j12-1.6.1.jar;C:\Users\DEVANSH DIXIT\.m2\repository\org\slf4j\slf4j-api\1.6.1\slf4j-api-1.6.1.jar;C:\Users\DEVANSH DIXIT\.m2\repository\log4j\log4j\1.2.16\log4j-1.2.16.jar;C:\Users\DEVANSH DIXIT\.m2\repository\org\bouncycastle\bcmail-jdk15on\1.62\bcmail-jdk15on-1.62.jar;C:\Users\DEVANSH DIXIT\.m2\repository\org\bouncycastle\bcprov-jdk15on\1.62\bcprov-jdk15on-1.62.jar;C:\Users\DEVANSH DIXIT\.m2\repository\org\bouncycastle\bcpkix-jdk15on\1.62\bcpkix-jdk15on-1.62.jar;"/>
    <property name="java.vm.vendor" value="Oracle Corporation"/>
    <property name="sun.arch.data.model" value="64"/>
    <property name="user.variant" value=""/>
    <property name="java.vendor.url" value="https://java.oracle.com/"/>
    <property name="user.timezone" value="Asia/Calcutta"/>
    <property name="os.name" value="Windows 11"/>
    <property name="java.vm.specification.version" value="18"/>
    <property name="sun.java.launcher" value="SUN_STANDARD"/>
    <property name="user.country" value="IN"/>
    <property name="sun.boot.library.path" value="C:\Program Files\Java\jdk-18.0.2\bin"/>
    <property name="sun.java.command" value="C:\Users\DEVANSH DIXIT\AppData\Local\Temp\surefire16756942755572546444\surefirebooter-20230313162350503_3.jar C:\Users\DEVANSH DIXIT\AppData\Local\Temp\surefire16756942755572546444 2023-03-13T16-23-50_149-jvmRun1 surefire-20230313162350503_1tmp surefire_0-20230313162350503_2tmp"/>
    <property name="jdk.debug" value="release"/>
    <property name="surefire.test.class.path" value="c:\Users\DEVANSH DIXIT\IdeaProjects\ATMMACHINE\target\test-classes;c:\Users\DEVANSH DIXIT\IdeaProjects\ATMMACHINE\target\classes;C:\Users\DEVANSH DIXIT\.m2\repository\org\postgresql\postgresql\42.5.1\postgresql-42.5.1.jar;C:\Users\DEVANSH DIXIT\.m2\repository\org\checkerframework\checker-qual\3.5.0\checker-qual-3.5.0.jar;C:\Users\DEVANSH DIXIT\.m2\repository\junit\junit\3.8.1\junit-3.8.1.jar;C:\Users\DEVANSH DIXIT\.m2\repository\org\demoiselle\signer\timestamp\3.7.1\timestamp-3.7.1.jar;C:\Users\DEVANSH DIXIT\.m2\repository\org\demoiselle\signer\cryptography\3.7.1\cryptography-3.7.1.jar;C:\Users\DEVANSH DIXIT\.m2\repository\org\demoiselle\signer\core\3.7.1\core-3.7.1.jar;C:\Users\DEVANSH DIXIT\.m2\repository\com\sun\xml\bind\jaxb-core\2.3.0.1\jaxb-core-2.3.0.1.jar;C:\Users\DEVANSH DIXIT\.m2\repository\javax\xml\bind\jaxb-api\2.3.1\jaxb-api-2.3.1.jar;C:\Users\DEVANSH DIXIT\.m2\repository\javax\activation\javax.activation-api\1.2.0\javax.activation-api-1.2.0.jar;C:\Users\DEVANSH DIXIT\.m2\repository\com\sun\xml\bind\jaxb-impl\2.3.1\jaxb-impl-2.3.1.jar;C:\Users\DEVANSH DIXIT\.m2\repository\org\slf4j\slf4j-log4j12\1.6.1\slf4j-log4j12-1.6.1.jar;C:\Users\DEVANSH DIXIT\.m2\repository\org\slf4j\slf4j-api\1.6.1\slf4j-api-1.6.1.jar;C:\Users\DEVANSH DIXIT\.m2\repository\log4j\log4j\1.2.16\log4j-1.2.16.jar;C:\Users\DEVANSH DIXIT\.m2\repository\org\bouncycastle\bcmail-jdk15on\1.62\bcmail-jdk15on-1.62.jar;C:\Users\DEVANSH DIXIT\.m2\repository\org\bouncycastle\bcprov-jdk15on\1.62\bcprov-jdk15on-1.62.jar;C:\Users\DEVANSH DIXIT\.m2\repository\org\bouncycastle\bcpkix-jdk15on\1.62\bcpkix-jdk15on-1.62.jar;"/>
    <property name="sun.cpu.endian" value="little"/>
    <property name="user.home" value="C:\Users\DEVANSH DIXIT"/>
    <property name="user.language" value="en"/>
    <property name="java.specification.vendor" value="Oracle Corporation"/>
    <property name="java.version.date" value="2022-07-19"/>
    <property name="java.home" value="C:\Program Files\Java\jdk-18.0.2"/>
    <property name="file.separator" value="\"/>
    <property name="basedir" value="c:\Users\DEVANSH DIXIT\IdeaProjects\ATMMACHINE"/>
    <property name="java.vm.compressedOopsMode" value="32-bit"/>
    <property name="line.separator" value="&#10;"/>
    <property name="java.vm.specification.vendor" value="Oracle Corporation"/>
    <property name="java.specification.name" value="Java Platform API Specification"/>
    <property name="surefire.real.class.path" value="C:\Users\DEVANSH DIXIT\AppData\Local\Temp\surefire16756942755572546444\surefirebooter-20230313162350503_3.jar"/>
    <property name="user.script" value=""/>
    <property name="sun.management.compiler" value="HotSpot 64-Bit Tiered Compilers"/>
    <property name="java.runtime.version" value="18.0.2+9-61"/>
    <property name="user.name" value="DEVANSH DIXIT"/>
    <property name="path.separator" value=";"/>
    <property name="os.version" value="10.0"/>
    <property name="java.runtime.name" value="Java(TM) SE Runtime Environment"/>
    <property name="file.encoding" value="UTF-8"/>
    <property name="java.vm.name" value="Java HotSpot(TM) 64-Bit Server VM"/>
    <property name="localRepository" value="C:\Users\DEVANSH DIXIT\.m2\repository"/>
    <property name="java.vendor.url.bug" value="https://bugreport.java.com/bugreport/"/>
    <property name="java.io.tmpdir" value="C:\Users\DEVANSH DIXIT\AppData\Local\Temp\"/>
    <property name="java.version" value="18.0.2"/>
    <property name="user.dir" value="c:\Users\DEVANSH DIXIT\IdeaProjects\ATMMACHINE"/>
    <property name="os.arch" value="amd64"/>
    <property name="java.vm.specification.name" value="Java Virtual Machine Specification"/>
    <property name="sun.os.patch.level" value=""/>
    <property name="native.encoding" value="Cp1252"/>
    <property name="java.library.path" value="C:\Program Files\Java\jdk-18.0.2\bin;C:\WINDOWS\Sun\Java\bin;C:\WINDOWS\system32;C:\WINDOWS;C:\Program Files\Common Files\Oracle\Java\javapath;C:\Program Files\Python310\Scripts\;C:\Program Files\Python310\;C:\WINDOWS\system32;C:\WINDOWS;C:\WINDOWS\System32\Wbem;C:\WINDOWS\System32\WindowsPowerShell\v1.0\;C:\WINDOWS\System32\OpenSSH\;C:\Program Files\dotnet\;C:\ProgramData\chocolatey\bin;C:\Program Files\Git\cmd;C:\Program Files\nodejs\;C:\Users\DEVANSH DIXIT\AppData\Local\Microsoft\WindowsApps;C:\Users\DEVANSH DIXIT\AppData\Local\Programs\Microsoft VS Code\bin;C:\Program Files\Python310;C:\msys64\mingw64\bin;C:\kotlinc\bin;C:\Program Files\Java\jdk-18.0.2\bin;C:\Users\DEVANSH DIXIT\AppData\Local\GitHubDesktop\bin;C:\Users\DEVANSH DIXIT\AppData\Roaming\npm;C:\Users\DEVANSH DIXIT\Downloads\apache-maven-3.9.0-bin\apache-maven-3.9.0\bin;;C:\Program Files\JetBrains\IntelliJ IDEA 2022.3.2\bin;;."/>
    <property name="java.vm.info" value="mixed mode, sharing"/>
    <property name="java.vendor" value="Oracle Corporation"/>
    <property name="java.vm.version" value="18.0.2+9-61"/>
    <property name="sun.io.unicode.encoding" value="UnicodeLittle"/>
    <property name="java.class.version" value="62.0"/>
  </properties>
  <testcase name="testApp" classname="org.example.AppTest" time="0.009"/>
</testsuite>